Build started 2016/1/13 下午 02:36:37.
     1>Project "E:\IOT\IOT\ServerApp\ServerApp.vcxproj" on node 2 (Build target(s)).
     1>C:\Program Files (x86)\MSBuild\Microsoft.Cpp\v4.0\V120\Microsoft.CppBuild.targets(935,5): warning MSB8027: Two or more files with the name of moc_serverapp.cpp will produce outputs to the same location. This can lead to an incorrect build result.  The files involved are GeneratedFiles\Debug\moc_serverapp.cpp, GeneratedFiles\Release\moc_serverapp.cpp.
     1>ClCompile:
         C:\Program Files (x86)\Microsoft Visual Studio 12.0\VC\bin\x86_amd64\CL.exe /c /I.\GeneratedFiles /IE:\IOT\IOT\build\inc\ /I. /IC:\Qt\5.5\msvc2013_64\include /I.\GeneratedFiles\Debug /IC:\Qt\5.5\msvc2013_64\include\QtCore /IC:\Qt\5.5\msvc2013_64\include\QtGui /IC:\Qt\5.5\msvc2013_64\include\QtWidgets /IC:\Qt\5.5\msvc2013_64\include\QtNetwork /Zi /nologo /W1 /WX- /Od /D UNICODE /D WIN32 /D WIN64 /D QT_DLL /D QT_CORE_LIB /D QT_GUI_LIB /D QT_WIDGETS_LIB /D QT_NETWORK_LIB /Gm- /EHsc /MDd /GS /fp:precise /Zc:wchar_t /Zc:forScope /Fo"x64\Debug\\" /Fd"x64\Debug\vc120.pdb" /Gd /TP /errorReport:prompt serverapp.cpp
         serverapp.cpp
       Link:
         C:\Program Files (x86)\Microsoft Visual Studio 12.0\VC\bin\x86_amd64\link.exe /ERRORREPORT:PROMPT /OUT:"E:\IOT\IOT\x64\Debug\\ServerAppd.exe" /NOLOGO /LIBPATH:C:\Qt\5.5\msvc2013_64\lib /LIBPATH:E:\IOT\IOT\build\lib64\ qtmaind.lib Qt5Cored.lib Qt5Guid.lib Qt5Widgetsd.lib ServerCored.lib Qt5Networkd.lib kernel32.lib user32.lib gdi32.lib winspool.lib comdlg32.lib advapi32.lib shell32.lib ole32.lib oleaut32.lib uuid.lib odbc32.lib odbccp32.lib /MANIFEST /MANIFESTUAC:"level='asInvoker' uiAccess='false'" /manifest:embed /DEBUG /PDB:"E:\IOT\IOT\x64\Debug\ServerAppd.pdb" /SUBSYSTEM:WINDOWS /TLBID:1 /DYNAMICBASE /NXCOMPAT /IMPLIB:"E:\IOT\IOT\x64\Debug\ServerAppd.lib" /MACHINE:X64 x64\Debug\moc_serverapp.obj
         x64\Debug\qrc_serverapp.obj
         x64\Debug\main.obj
         x64\Debug\serverapp.obj
         E:\IOT\IOT\x64\Debug\ServerCoredd.lib
         ServerApp.vcxproj -> E:\IOT\IOT\x64\Debug\ServerAppd.exe
       PostBuildEvent:
         mkdir E:\IOT\IOT\build\bin64\ServerApp
         xcopy E:\IOT\IOT\x64\Debug\*.exe E:\IOT\IOT\build\bin64 /y
         
         :VCEnd
         子目錄或檔案 E:\IOT\IOT\build\bin64\ServerApp 已經存在。
         E:\IOT\IOT\x64\Debug\FakeDevice.exe
         E:\IOT\IOT\x64\Debug\FakeDeviced.exe
         E:\IOT\IOT\x64\Debug\ServerAppd.exe
         已複製 3 個檔案
     1>Done Building Project "E:\IOT\IOT\ServerApp\ServerApp.vcxproj" (Build target(s)).

Build succeeded.

Time Elapsed 00:00:01.17
