e:\iot\iot\servercore\x64\debug\vc120.pdb
e:\iot\iot\servercore\x64\debug\tcpconnectmanager.obj
e:\iot\iot\servercore\x64\debug\servertcpcommand.obj
e:\iot\iot\servercore\x64\debug\servercore.obj
e:\iot\iot\servercore\x64\debug\serverbroadcast.obj
e:\iot\iot\servercore\x64\debug\moc_tcpconnectmanager.obj
e:\iot\iot\servercore\x64\debug\moc_servertcpcommand.obj
e:\iot\iot\servercore\x64\debug\moc_servercore.obj
e:\iot\iot\servercore\x64\debug\moc_serverbroadcast.obj
e:\iot\iot\servercore\x64\debug\devicemanager.obj
e:\iot\iot\servercore\x64\debug\moc_devicemanager.obj
e:\iot\iot\servercore\x64\debug\deviceinfo.obj
e:\iot\iot\servercore\x64\debug\devicecommand.obj
e:\iot\iot\servercore\x64\debug\jsongenerator.obj
e:\iot\iot\servercore\generatedfiles\debug\moc_servertcpcommand.cpp
e:\iot\iot\servercore\generatedfiles\debug\moc_serverbroadcast.cpp
e:\iot\iot\servercore\generatedfiles\debug\moc_devicemanager.cpp
e:\iot\iot\servercore\generatedfiles\debug\moc_servercore.cpp
e:\iot\iot\x64\debug\servercored.ilk
e:\iot\iot\x64\debug\servercored.dll
e:\iot\iot\x64\debug\servercored.pdb
e:\iot\iot\x64\debug\servercoredd.lib
e:\iot\iot\x64\debug\servercoredd.exp
e:\iot\iot\servercore\x64\debug\servercore.tlog\cl.command.1.tlog
e:\iot\iot\servercore\x64\debug\servercore.tlog\cl.read.1.tlog
e:\iot\iot\servercore\x64\debug\servercore.tlog\cl.write.1.tlog
e:\iot\iot\servercore\x64\debug\servercore.tlog\custombuild.command.1.tlog
e:\iot\iot\servercore\x64\debug\servercore.tlog\custombuild.read.1.tlog
e:\iot\iot\servercore\x64\debug\servercore.tlog\custombuild.write.1.tlog
e:\iot\iot\servercore\x64\debug\servercore.tlog\link.command.1.tlog
e:\iot\iot\servercore\x64\debug\servercore.tlog\link.read.1.tlog
e:\iot\iot\servercore\x64\debug\servercore.tlog\link.write.1.tlog
e:\iot\iot\servercore\x64\debug\servercore.tlog\servercore.write.1u.tlog
