c:\users\azul_nb\work\iot\iot\servercore\x64\debug\vc120.pdb
c:\users\azul_nb\work\iot\iot\servercore\x64\debug\servercore.obj
c:\users\azul_nb\work\iot\iot\servercore\x64\debug\serverbroadcast.obj
c:\users\azul_nb\work\iot\iot\servercore\x64\debug\moc_serverbroadcast.obj
c:\users\azul_nb\work\iot\iot\servercore\generatedfiles\debug\moc_serverbroadcast.cpp
c:\users\azul_nb\work\iot\iot\x64\debug\servercored.ilk
c:\users\azul_nb\work\iot\iot\x64\debug\servercored.dll
c:\users\azul_nb\work\iot\iot\x64\debug\servercore.pdb
c:\users\azul_nb\work\iot\iot\x64\debug\servercore.lib
c:\users\azul_nb\work\iot\iot\x64\debug\servercore.exp
c:\users\azul_nb\work\iot\iot\servercore\x64\debug\servercore.tlog\cl.command.1.tlog
c:\users\azul_nb\work\iot\iot\servercore\x64\debug\servercore.tlog\cl.read.1.tlog
c:\users\azul_nb\work\iot\iot\servercore\x64\debug\servercore.tlog\cl.write.1.tlog
c:\users\azul_nb\work\iot\iot\servercore\x64\debug\servercore.tlog\custombuild.command.1.tlog
c:\users\azul_nb\work\iot\iot\servercore\x64\debug\servercore.tlog\custombuild.read.1.tlog
c:\users\azul_nb\work\iot\iot\servercore\x64\debug\servercore.tlog\custombuild.write.1.tlog
c:\users\azul_nb\work\iot\iot\servercore\x64\debug\servercore.tlog\link.command.1.tlog
c:\users\azul_nb\work\iot\iot\servercore\x64\debug\servercore.tlog\link.read.1.tlog
c:\users\azul_nb\work\iot\iot\servercore\x64\debug\servercore.tlog\link.write.1.tlog
c:\users\azul_nb\work\iot\iot\servercore\x64\debug\servercore.tlog\servercore.write.1u.tlog
