c:\users\azul_nb\work\iot\iot\servercore\x64\release\servertcpcommand.obj
c:\users\azul_nb\work\iot\iot\servercore\x64\release\servercore.obj
c:\users\azul_nb\work\iot\iot\servercore\x64\release\serverbroadcast.obj
c:\users\azul_nb\work\iot\iot\servercore\x64\release\moc_servertcpcommand.obj
c:\users\azul_nb\work\iot\iot\servercore\x64\release\moc_servercore.obj
c:\users\azul_nb\work\iot\iot\servercore\x64\release\moc_serverbroadcast.obj
c:\users\azul_nb\work\iot\iot\servercore\generatedfiles\release\moc_servertcpcommand.cpp
c:\users\azul_nb\work\iot\iot\servercore\generatedfiles\release\moc_serverbroadcast.cpp
c:\users\azul_nb\work\iot\iot\servercore\generatedfiles\release\moc_servercore.cpp
c:\users\azul_nb\work\iot\iot\x64\release\servercore.dll
c:\users\azul_nb\work\iot\iot\x64\release\servercore.lib
c:\users\azul_nb\work\iot\iot\x64\release\servercore.exp
e:\iot\iot\servercore\x64\release\moc_serverbroadcast.obj
e:\iot\iot\servercore\x64\release\moc_servercore.obj
e:\iot\iot\servercore\x64\release\moc_servertcpcommand.obj
e:\iot\iot\servercore\x64\release\serverbroadcast.obj
e:\iot\iot\servercore\x64\release\servercore.obj
e:\iot\iot\servercore\x64\release\servertcpcommand.obj
e:\iot\iot\x64\release\servercore.dll
e:\iot\iot\servercore\x64\release\servercore.tlog\cl.command.1.tlog
e:\iot\iot\servercore\x64\release\servercore.tlog\cl.read.1.tlog
e:\iot\iot\servercore\x64\release\servercore.tlog\cl.write.1.tlog
e:\iot\iot\servercore\x64\release\servercore.tlog\custombuild.command.1.tlog
e:\iot\iot\servercore\x64\release\servercore.tlog\custombuild.read.1.tlog
e:\iot\iot\servercore\x64\release\servercore.tlog\custombuild.write.1.tlog
e:\iot\iot\servercore\x64\release\servercore.tlog\link.command.1.tlog
e:\iot\iot\servercore\x64\release\servercore.tlog\link.read.1.tlog
e:\iot\iot\servercore\x64\release\servercore.tlog\link.write.1.tlog
e:\iot\iot\servercore\x64\release\servercore.tlog\servercore.write.1u.tlog
