e:\iot\iot\fakedevice\x64\debug\vc120.pdb
e:\iot\iot\fakedevice\x64\debug\qrc_fakedevice.obj
e:\iot\iot\fakedevice\x64\debug\main.obj
e:\iot\iot\fakedevice\x64\debug\fakedevice.obj
e:\iot\iot\fakedevice\x64\debug\moc_fakedevice.obj
e:\iot\iot\fakedevice\generatedfiles\qrc_fakedevice.cpp
e:\iot\iot\fakedevice\generatedfiles\debug\moc_fakedevice.cpp
e:\iot\iot\fakedevice\generatedfiles\ui_fakedevice.h
e:\iot\iot\x64\debug\fakedevice.ilk
e:\iot\iot\x64\debug\fakedevice.exe
e:\iot\iot\x64\debug\fakedevice.pdb
e:\iot\iot\fakedevice\x64\debug\fakedevice.tlog\cl.command.1.tlog
e:\iot\iot\fakedevice\x64\debug\fakedevice.tlog\cl.read.1.tlog
e:\iot\iot\fakedevice\x64\debug\fakedevice.tlog\cl.write.1.tlog
e:\iot\iot\fakedevice\x64\debug\fakedevice.tlog\custombuild.command.1.tlog
e:\iot\iot\fakedevice\x64\debug\fakedevice.tlog\custombuild.read.1.tlog
e:\iot\iot\fakedevice\x64\debug\fakedevice.tlog\custombuild.write.1.tlog
e:\iot\iot\fakedevice\x64\debug\fakedevice.tlog\link.command.1.tlog
e:\iot\iot\fakedevice\x64\debug\fakedevice.tlog\link.read.1.tlog
e:\iot\iot\fakedevice\x64\debug\fakedevice.tlog\link.write.1.tlog
