c:\users\azul_nb\work\iot\iot\serverapp\x64\release\qrc_serverapp.obj
c:\users\azul_nb\work\iot\iot\serverapp\x64\release\serverapp.obj
c:\users\azul_nb\work\iot\iot\serverapp\x64\release\main.obj
c:\users\azul_nb\work\iot\iot\serverapp\x64\release\moc_serverapp.obj
c:\users\azul_nb\work\iot\iot\serverapp\generatedfiles\release\moc_serverapp.cpp
c:\users\azul_nb\work\iot\iot\serverapp\generatedfiles\ui_serverapp.h
c:\users\azul_nb\work\iot\iot\serverapp\generatedfiles\qrc_serverapp.cpp
c:\users\azul_nb\work\iot\iot\x64\release\serverapp.exe
e:\iot\iot\serverapp\x64\release\main.obj
e:\iot\iot\serverapp\x64\release\moc_serverapp.obj
e:\iot\iot\serverapp\x64\release\qrc_serverapp.obj
e:\iot\iot\serverapp\x64\release\serverapp.obj
e:\iot\iot\x64\release\serverapp.exe
e:\iot\iot\serverapp\x64\release\serverapp.tlog\cl.command.1.tlog
e:\iot\iot\serverapp\x64\release\serverapp.tlog\cl.read.1.tlog
e:\iot\iot\serverapp\x64\release\serverapp.tlog\cl.write.1.tlog
e:\iot\iot\serverapp\x64\release\serverapp.tlog\custombuild.command.1.tlog
e:\iot\iot\serverapp\x64\release\serverapp.tlog\custombuild.read.1.tlog
e:\iot\iot\serverapp\x64\release\serverapp.tlog\custombuild.write.1.tlog
e:\iot\iot\serverapp\x64\release\serverapp.tlog\link.command.1.tlog
e:\iot\iot\serverapp\x64\release\serverapp.tlog\link.read.1.tlog
e:\iot\iot\serverapp\x64\release\serverapp.tlog\link.write.1.tlog
